<?xml version="1.0" encoding="UTF-8"?>
<!-- Generated by org.testng.reporters.JUnitReportReporter -->
<testsuite hostname="DESKTOP-2H052U4" failures="0" tests="1" name="RestXMLAPI.XMLExample" time="5.801" errors="0" timestamp="04 Dec 2022 05:18:35 GMT" skipped="0">
  <testcase classname="RestXMLAPI.XMLExample" name="test" time="5.801"/>
</testsuite> <!-- RestXMLAPI.XMLExample -->
