<?xml version="1.0" encoding="UTF-8"?>
<!-- Generated by org.testng.reporters.JUnitReportReporter -->
<testsuite hostname="DESKTOP-2H052U4" failures="0" tests="1" name="RestAPI.postrequestwithmap" time="4.536" errors="0" timestamp="03 Dec 2022 14:56:59 GMT" skipped="0">
  <testcase classname="RestAPI.postrequestwithmap" name="test1" time="4.536"/>
</testsuite> <!-- RestAPI.postrequestwithmap -->
