<?xml version="1.0" encoding="UTF-8"?>
<!-- Generated by org.testng.reporters.JUnitReportReporter -->
<testsuite hostname="DESKTOP-2H052U4" failures="0" tests="1" name="RestAPI.getrequestwithparameter" time="6.020" errors="0" timestamp="03 Dec 2022 06:41:05 GMT" skipped="0">
  <testcase classname="RestAPI.getrequestwithparameter" name="test1" time="6.020"/>
</testsuite> <!-- RestAPI.getrequestwithparameter -->
