<?xml version="1.0" encoding="UTF-8"?>
<!-- Generated by org.testng.reporters.JUnitReportReporter -->
<testsuite hostname="DESKTOP-2H052U4" failures="0" tests="1" name="RestAPIBDD.PostRequest" time="7.685" errors="0" timestamp="04 Dec 2022 06:42:09 GMT" skipped="0">
  <testcase classname="RestAPIBDD.PostRequest" name="test1" time="7.685"/>
</testsuite> <!-- RestAPIBDD.PostRequest -->
