<?xml version="1.0" encoding="UTF-8"?>
<!-- Generated by org.testng.reporters.JUnitReportReporter -->
<testsuite hostname="DESKTOP-2H052U4" failures="0" tests="1" name="RestAPI.PutRequest" time="4.760" errors="0" timestamp="04 Dec 2022 04:23:21 GMT" skipped="0">
  <testcase classname="RestAPI.PutRequest" name="test1" time="4.760"/>
</testsuite> <!-- RestAPI.PutRequest -->
