<?xml version="1.0" encoding="UTF-8"?>
<!-- Generated by org.testng.reporters.JUnitReportReporter -->
<testsuite hostname="DESKTOP-2H052U4" failures="0" tests="1" name="RestAPI.GetRequest" time="3.406" errors="0" timestamp="03 Dec 2022 14:56:39 GMT" skipped="0">
  <testcase classname="RestAPI.GetRequest" name="test1" time="3.406"/>
</testsuite> <!-- RestAPI.GetRequest -->
