<?xml version="1.0" encoding="UTF-8"?>
<!-- Generated by org.testng.reporters.JUnitReportReporter -->
<testsuite hostname="DESKTOP-2H052U4" failures="0" tests="1" name="RestAPI.PostRequestWriteFile" time="5.542" errors="0" timestamp="04 Dec 2022 04:13:39 GMT" skipped="0">
  <testcase classname="RestAPI.PostRequestWriteFile" name="test1" time="5.542"/>
</testsuite> <!-- RestAPI.PostRequestWriteFile -->
