<?xml version="1.0" encoding="UTF-8"?>
<!-- Generated by org.testng.reporters.JUnitReportReporter -->
<testsuite hostname="DESKTOP-2H052U4" failures="0" tests="1" name="RestGitHub.CreateRepo_usingTocken" time="8.827" errors="0" timestamp="04 Dec 2022 07:24:35 GMT" skipped="0">
  <testcase classname="RestGitHub.CreateRepo_usingTocken" name="test1" time="8.827"/>
</testsuite> <!-- RestGitHub.CreateRepo_usingTocken -->
