<?xml version="1.0" encoding="UTF-8"?>
<!-- Generated by org.testng.reporters.JUnitReportReporter -->
<testsuite hostname="DESKTOP-2H052U4" failures="0" tests="1" name="RestAPIBDD.PutRequest" time="6.886" errors="0" timestamp="04 Dec 2022 07:00:03 GMT" skipped="0">
  <testcase classname="RestAPIBDD.PutRequest" name="test1" time="6.886"/>
</testsuite> <!-- RestAPIBDD.PutRequest -->
